<?xml version="1.0" encoding="UTF-8"?>
<!-- Generated by org.testng.reporters.JUnitReportReporter -->
<testsuite hostname="samanthapudi" failures="0" tests="1" name="login" time="14.376" errors="0" timestamp="2021-10-06T19:41:27 IST" skipped="0">
  <testcase classname="login" name="dologin" time="14.376"/>
  <system-out/>
</testsuite> <!-- login -->
